<?xml version="1.0" encoding="UTF-8"?>
<!-- Generated by org.testng.reporters.JUnitXMLReporter -->
<testsuite hostname="LAPTOP-015GC0K1" ignored="0" name="Test Case5" tests="8" failures="0" timestamp="07 Mar 2020 06:01:59 GMT" time="63.699" errors="0">
  <testcase name="excelforwrite" time="1.431" classname="Redbus_Utility_Excel.ExcelUtil_for_Write"/>
  <testcase name="searchbus" time="10.689" classname="Automation_Testcase_Redbus.Search_Bus"/>
  <testcase name="get_The_Travels_Details" time="11.425" classname="Automation_Testcase_Redbus.Search_Bus"/>
  <testcase name="get_The_Start_Time" time="4.065" classname="Automation_Testcase_Redbus.Search_Bus"/>
  <testcase name="get_The_Boarding_Point" time="4.098" classname="Automation_Testcase_Redbus.Search_Bus"/>
  <testcase name="get_The_Departure_Time" time="4.877" classname="Automation_Testcase_Redbus.Search_Bus"/>
  <testcase name="get_The_Destination_Place" time="4.567" classname="Automation_Testcase_Redbus.Search_Bus"/>
  <testcase name="get_The_Bus_Fare" time="8.161" classname="Automation_Testcase_Redbus.Search_Bus"/>
</testsuite> <!-- Test Case5 -->
