<?xml version="1.0" encoding="UTF-8"?>
<!-- Generated by org.testng.reporters.JUnitXMLReporter -->
<testsuite hostname="LAPTOP-015GC0K1" ignored="0" name="Test Case 2" tests="8" failures="0" timestamp="07 Mar 2020 16:46:59 GMT" time="55.283" errors="0">
  <testcase name="excelforwrite" time="1.543" classname="Redbus_Utility_Excel.ExcelUtil_for_Write"/>
  <testcase name="searchbus" time="6.345" classname="Automation_Testcase_Redbus.Search_Bus"/>
  <testcase name="get_The_Travels_Details" time="9.914" classname="Automation_Testcase_Redbus.Search_Bus"/>
  <testcase name="get_The_Start_Time" time="3.457" classname="Automation_Testcase_Redbus.Search_Bus"/>
  <testcase name="get_The_Boarding_Point" time="3.738" classname="Automation_Testcase_Redbus.Search_Bus"/>
  <testcase name="get_The_Departure_Time" time="3.997" classname="Automation_Testcase_Redbus.Search_Bus"/>
  <testcase name="get_The_Destination_Place" time="4.618" classname="Automation_Testcase_Redbus.Search_Bus"/>
  <testcase name="get_The_Bus_Fare" time="8.074" classname="Automation_Testcase_Redbus.Search_Bus"/>
</testsuite> <!-- Test Case 2 -->
